<?xml version="1.0" encoding="UTF-8"?>
<!-- Generated by org.testng.reporters.JUnitReportReporter -->
<testsuite hostname="DESKTOP-TKM73T0" failures="0" tests="3" name="com.comcast.Contact.createContactTest" time="0.022" errors="0" timestamp="2021-09-21T16:53:39 IST" skipped="0">
  <testcase classname="com.comcast.Contact.createContactTest" name="deleteContactTest" time="0.002"/>
  <system-out/>
  <testcase classname="com.comcast.Contact.createContactTest" name="createContactWithOrgTest" time="0.003"/>
  <system-out/>
  <testcase classname="com.comcast.Contact.createContactTest" name="createContactTest" time="0.017"/>
  <system-out/>
</testsuite> <!-- com.comcast.Contact.createContactTest -->
